Arguments: 
  /usr/local/Cellar/node/15.1.0/bin/node /usr/local/Cellar/yarn/1.22.10/libexec/bin/yarn.js install

PATH: 
  /usr/local/opt/python@3.9/bin:/Library/Frameworks/Python.framework/Versions/3.9/bin:/usr/local/bin:/usr/bin:/bin:/usr/sbin:/sbin:/Users/shoosya/bin:/Library/Apple/usr/bin:/Users/shoosya/Library/Android/sdk/emulator:/Users/shoosya/Library/Android/sdk/tools:/Users/shoosya/Library/Android/sdk/platform-tools:/Users/shoosya/Library/Android/sdk/tools/bin:/Users/shoosya/usr/local/bin/

Yarn version: 
  1.22.10

Node version: 
  15.1.0

Platform: 
  darwin x64

Trace: 
  SyntaxError: /Users/shoosya/Desktop/NWMutual/package.json: Unexpected token } in JSON at position 345
      at JSON.parse (<anonymous>)
      at /usr/local/Cellar/yarn/1.22.10/libexec/lib/cli.js:1625:59
      at Generator.next (<anonymous>)
      at step (/usr/local/Cellar/yarn/1.22.10/libexec/lib/cli.js:310:30)
      at /usr/local/Cellar/yarn/1.22.10/libexec/lib/cli.js:321:13

npm manifest: 
  {
      "name": "NWMutual",
      "version": "1.0.0",
      "lockfileVersion": 2,
      "requires": true,
      "packages": {},
      "scripts": {
          "test": "mocha test/**/*.js --timeout 60000 --exit"
      },
      "devDependencies": {
          "chai": "^4.3.0",
          "express": "^4.17.1",
          "mocha": "^8.3.0",
          "supertest": "^6.1.3",
      },
      "dependencies": {
          "chai-http": "^4.3.0",
          "lodash": "^4.17.20"
      }
  }

yarn manifest: 
  No manifest

Lockfile: 
  No lockfile
